Arguments: 
  /usr/local/bin/node /usr/local/Cellar/yarn/1.22.18/libexec/bin/yarn.js add chart.js react-chartjs-2

PATH: 
  /usr/local/bin:/usr/bin:/bin:/usr/sbin:/sbin:/Library/Apple/usr/bin

Yarn version: 
  1.22.18

Node version: 
  16.13.2

Platform: 
  darwin arm64

Trace: 
  Error: EACCES: permission denied, open '/Users/jwasangheon/STUDY/package.json'

npm manifest: 
  {}

yarn manifest: 
  No manifest

Lockfile: 
  # THIS IS AN AUTOGENERATED FILE. DO NOT EDIT THIS FILE DIRECTLY.
  # yarn lockfile v1
  
  
  chart.js@^3.7.1:
    version "3.7.1"
    resolved "https://registry.yarnpkg.com/chart.js/-/chart.js-3.7.1.tgz#0516f690c6a8680c6c707e31a4c1807a6f400ada"
    integrity sha512-8knRegQLFnPQAheZV8MjxIXc5gQEfDFD897BJgv/klO/vtIyFFmgMXrNfgrXpbTr/XbTturxRgxIXx/Y+ASJBA==
  
  react-chartjs-2@^4.1.0:
    version "4.1.0"
    resolved "https://registry.yarnpkg.com/react-chartjs-2/-/react-chartjs-2-4.1.0.tgz#2a123df16d3a987c54eb4e810ed766d3c03adf8d"
    integrity sha512-AsUihxEp8Jm1oBhbEovE+w50m9PVNhz1sfwEIT4hZduRC0m14gHWHd0cUaxkFDb8HNkdMIGzsNlmVqKiOpU74g==
